Design: 11:01 AM, Tuesday, November 24, 2020
Design: Opening design "C:\Documents and Settings\Administrator\Desktop\P7_Hexadecimal\hexadecimal\hexadecimal.adf"
Compilation with file reorder...
File: C:\Documents and Settings\Administrator\Desktop\P7_Hexadecimal\hexadecimal.vhd
Compile Entity "hexadecimal"
Compile Architecture "A_hexadecimal" of Entity "hexadecimal"
Top-Level unit detected
Entity  =>   hexadecimal
Compile success 0 Errors 0 Warnings  Analysis time :  0.0 [s]
ELBREAD: Elaboration process.
ELBREAD: Elaboration time 0.0 [s].
ELBREAD: Elaboration process.
ELBREAD: Elaboration time 0.0 [s].
KERNEL: Main thread initiated.
KERNEL: Kernel process initialization phase.
ELAB2: Elaboration final pass...
ELAB2: Elaboration final pass complete - time: 0.0 [s].
KERNEL: Kernel process initialization done.
11:03 AM, Tuesday, November 24, 2020
Simulation has been initialized
Selected Top-Level: hexadecimal (A_hexadecimal)
KERNEL: stopped at time: 100 ns
KERNEL: stopped at time: 200 ns
KERNEL: stopped at time: 300 ns
KERNEL: stopped at time: 400 ns
KERNEL: stopped at time: 500 ns
KERNEL: stopped at time: 600 ns
KERNEL: stopped at time: 700 ns
KERNEL: stopped at time: 800 ns
KERNEL: stopped at time: 900 ns
KERNEL: stopped at time: 1 us
KERNEL: stopped at time: 1100 ns
KERNEL: stopped at time: 1200 ns
KERNEL: stopped at time: 1300 ns
KERNEL: stopped at time: 1400 ns
KERNEL: stopped at time: 1500 ns
KERNEL: stopped at time: 1600 ns
KERNEL: stopped at time: 1700 ns
KERNEL: stopped at time: 1800 ns
KERNEL: stopped at time: 1900 ns
Simulation has been stopped
