Design: 11:23 PM, Sunday, November 29, 2020
Design: Opening design "C:\Documents and Settings\Administrator\Desktop\Contador 10 bits\vhd\contador_10\contador_10.adf"
ELBREAD: Elaboration process.
ELBREAD: Elaboration time 0.0 [s].
Compilation with file reorder...
File: C:\Documents and Settings\Administrator\Desktop\Contador 10 bits\vhd\contador_10.vhd
Compile Entity "contador_10"
Compile Architecture "DSMB" of Entity "contador_10"
Top-Level unit detected
Entity  =>   contador_10
Compile success 0 Errors 0 Warnings  Analysis time :  0.1 [s]
ELBREAD: Elaboration process.
ELBREAD: Elaboration time 0.0 [s].
ELBREAD: Elaboration process.
ELBREAD: Elaboration time 0.0 [s].
KERNEL: Main thread initiated.
KERNEL: Kernel process initialization phase.
ELAB2: Elaboration final pass...
ELAB2: Elaboration final pass complete - time: 0.0 [s].
KERNEL: Kernel process initialization done.
11:24 PM, Sunday, November 29, 2020
Simulation has been initialized
Selected Top-Level: contador_10 (DSMB)
KERNEL: stopped at time: 100 ns
KERNEL: stopped at time: 200 ns
KERNEL: stopped at time: 300 ns
KERNEL: stopped at time: 400 ns
Simulation has been stopped
