
     | | | | | | |
   _________________
  -|               |-
  -|               |-
  -|               |-
  -|    CYPRESS    |-
  -|               |-
  -|               |-   Warp VHDL Synthesis Compiler: Version 6.3 IR 35
  -|               |-   Copyright (C) 1991-2001 Cypress Semiconductor
   |_______________|
     | | | | | | |

======================================================================
Compiling:  sensores2.vhd
Options:    -yu -e10 -w100 -o2 -ygs -fP -v10 -dc22v10 -ppalce22v10-15pc -b sensores2.vhd -u sensores2.hie
======================================================================

vhdlfe V6.3 IR 35:  VHDL parser
Thu Dec 10 15:25:12 2020

Library 'work' => directory 'lc22v10'
Linking 'C:\Program Files\Cypress\Warp\bin\std.vhd'.
Linking 'C:\Program Files\Cypress\Warp\lib\common\cypress.vhd'.
Linking 'C:\Program Files\Cypress\Warp\lib\common\work\cypress.vif'.
Library 'ieee' => directory 'C:\Program Files\Cypress\Warp\lib\ieee\work'
Linking 'C:\Program Files\Cypress\Warp\lib\ieee\work\stdlogic.vif'.

vhdlfe:  No errors.


tovif V6.3 IR 35:  High-level synthesis
Thu Dec 10 15:25:12 2020

Linking 'C:\Program Files\Cypress\Warp\bin\std.vhd'.
Linking 'C:\Program Files\Cypress\Warp\lib\common\cypress.vhd'.
Linking 'C:\Program Files\Cypress\Warp\lib\common\work\cypress.vif'.
Linking 'C:\Program Files\Cypress\Warp\lib\ieee\work\stdlogic.vif'.

tovif:  No errors.


topld V6.3 IR 35:  Synthesis and optimization
Thu Dec 10 15:25:12 2020

Linking 'C:\Program Files\Cypress\Warp\bin\std.vhd'.
Linking 'C:\Program Files\Cypress\Warp\lib\common\cypress.vhd'.
Linking 'C:\Program Files\Cypress\Warp\lib\common\work\cypress.vif'.
Linking 'C:\Program Files\Cypress\Warp\lib\ieee\work\stdlogic.vif'.

----------------------------------------------------------
Detecting unused logic.
----------------------------------------------------------



------------------------------------------------------
Alias Detection
------------------------------------------------------

------------------------------------------------------
Aliased 0 equations, 15 wires.
------------------------------------------------------

----------------------------------------------------------
Circuit simplification
----------------------------------------------------------

----------------------------------------------------------
Circuit simplification results:

	Expanded 5 signals.
	Turned 0 signals into soft nodes.
	Maximum default expansion cost was set at 10.
----------------------------------------------------------

------------------------------------------------------
Alias Detection
------------------------------------------------------

------------------------------------------------------
Aliased 0 equations, 0 wires.
------------------------------------------------------
Created 39 PLD nodes.

topld:  No errors.

----------------------------------------------------------------------------
PLD Optimizer Software:       DSGNOPT.EXE    31/03/2000  [v4.02 ] 6.3 IR 35

DESIGN HEADER INFORMATION  (15:25:13)

Input File(s): sensores2.pla
Device       : C22V10
Package      : palce22v10-15pc
ReportFile   : sensores2.rpt

Program Controls:
    COMMAND LANGUAGE_VHDL 
    COMMAND PROPERTY BUS_HOLD ENABLE 

Signal Requests:
    GROUP USEPOL ALL
    GROUP FAST_SLEW ALL

Completed Successfully  
----------------------------------------------------------------------------
PLD Optimizer Software:       DSGNOPT.EXE    31/03/2000  [v4.02 ] 6.3 IR 35

OPTIMIZATION OPTIONS       (15:25:13)

Messages:
  Information: Process virtual 'anillo_0'anillo_0 ... expanded.
  Information: Process virtual 'anillo_1'anillo_1 ... expanded.
  Information: Process virtual 'anillo_2'anillo_2 ... expanded.
  Information: Optimizing logic using best output polarity for signals:
         display(0) display(1) display(2) display(3) display(4) display(5)
         display(6)

  Information: Selected logic optimization OFF for signals:
         sel(0).D sel(0).AR sel(0).C sel(1).D sel(1).AP sel(1).C sel(2).D
         sel(2).AP sel(2).C



Summary:
                 Error Count = 0      Warning Count = 0

Completed Successfully  
----------------------------------------------------------------------------
PLD Optimizer Software:       MINOPT.EXE     01/NOV/1999  [v4.02 ] 6.3 IR 35

LOGIC MINIMIZATION         ()

Messages:


Summary:
                 Error Count = 0      Warning Count = 0

Completed Successfully
----------------------------------------------------------------------------
PLD Optimizer Software:       DSGNOPT.EXE    31/03/2000  [v4.02 ] 6.3 IR 35

OPTIMIZATION OPTIONS       (15:25:13)

Messages:
  Information: Optimizing Banked Preset/Reset requirements.
  Information: Selecting D register equation as minimal for signal sel(0)
  Information: Inverting Preset/Reset & output logic polarity for sel(2).
  Information: Selecting D register equation as minimal for signal sel(2)
  Information: Inverting Preset/Reset & output logic polarity for sel(1).
  Information: Selecting D register equation as minimal for signal sel(1)
  Information: Optimizing logic without changing polarity for signals:
         display(0) display(1) display(2) display(3) display(4) display(5)
         display(6)

  Information: Selected logic optimization OFF for signals:
         sel(0).D sel(0).AR sel(0).SP sel(0).C sel(1).D sel(1).AR sel(1).SP
         sel(1).C sel(2).D sel(2).AR sel(2).SP sel(2).C



Summary:
                 Error Count = 0      Warning Count = 0

Completed Successfully  
----------------------------------------------------------------------------
PLD Optimizer Software:       MINOPT.EXE     01/NOV/1999  [v4.02 ] 6.3 IR 35

LOGIC MINIMIZATION         ()

Messages:


Summary:
                 Error Count = 0      Warning Count = 0

Completed Successfully
----------------------------------------------------------------------------
PLD Optimizer Software:       DSGNOPT.EXE    31/03/2000  [v4.02 ] 6.3 IR 35

OPTIMIZATION OPTIONS       (15:25:13)

Messages:


Summary:
                 Error Count = 0      Warning Count = 0

Completed Successfully  
----------------------------------------------------------------------------
PLD Compiler Software:        PLA2JED.EXE    31/03/2000  [v4.02 ] 6.3 IR 35

<CYPRESSTAG name="Equations" icon=FILE_RPT_EQUATION>
DESIGN EQUATIONS           (15:25:13)
</CYPRESSTAG>

    display(0) =
          /dece(0) * dece(2) * sel(0).Q * /sel(1).Q 
        + /dece(1) * dece(2) * sel(0).Q * /sel(1).Q 
        + dece(1) * /dece(2) * sel(0).Q * /sel(1).Q 
        + /sel(0).Q * sel(1).Q * /unid(0) * unid(2) 
        + /dece(0) * /sel(0).Q * /unid(0) * unid(1) 
        + /dece(0) * dece(1) * /sel(1).Q * /unid(0) 
        + /sel(0).Q * sel(1).Q * /unid(1) * unid(2) 
        + /dece(1) * /sel(0).Q * /unid(1) * unid(2) 
        + /dece(1) * dece(2) * /sel(1).Q * /unid(1) 
        + /sel(0).Q * sel(1).Q * unid(1) * /unid(2) 
        + /dece(2) * /sel(0).Q * unid(1) * /unid(2) 
        + dece(1) * /dece(2) * /sel(1).Q * /unid(2) 
        + /sel(0).Q * unid(3) 

    display(1) =
          /dece(0) * /sel(0).Q * /unid(0) * unid(2) 
        + /dece(0) * dece(2) * /sel(1).Q * /unid(0) 
        + /dece(1) * /sel(0).Q * /unid(1) * unid(2) 
        + /dece(1) * dece(2) * /sel(1).Q * /unid(1) 
        + /dece(0) * /dece(1) * /unid(0) * /unid(1) 
        + /dece(0) * dece(2) * sel(0).Q 
        + /dece(1) * dece(2) * sel(0).Q 
        + /dece(0) * /dece(1) * sel(0).Q 
        + sel(1).Q * /unid(0) * unid(2) 
        + sel(1).Q * /unid(1) * unid(2) 
        + sel(1).Q * /unid(0) * /unid(1) 
        + sel(0).Q * sel(1).Q 
        + /sel(0).Q * unid(3) 

    /display(2) =
          /dece(1) * dece(2) * sel(0).Q * /sel(1).Q 
        + /sel(0).Q * sel(1).Q * /unid(1) * unid(2) 
        + /dece(1) * /sel(0).Q * /unid(1) * unid(2) 
        + /dece(1) * dece(2) * /sel(1).Q * /unid(1) 
        + /sel(0).Q * unid(0) 
        + dece(0) * /sel(1).Q 

    /display(3) =
          /dece(0) * /dece(1) * /sel(0).Q * /unid(0) * /unid(1) * unid(2) 
        + /dece(0) * /dece(1) * dece(2) * /sel(1).Q * /unid(0) * /unid(1) 
        + /dece(1) * /dece(2) * /sel(0).Q * unid(0) * /unid(1) * /unid(2) 
        + dece(0) * /dece(1) * /dece(2) * /sel(1).Q * /unid(1) * /unid(2) 
        + /dece(0) * /dece(1) * dece(2) * sel(0).Q * /sel(1).Q 
        + dece(0) * /dece(1) * /dece(2) * sel(0).Q * /sel(1).Q 
        + dece(2) * /sel(0).Q * /sel(1).Q * unid(0) * unid(1) 
        + dece(1) * /sel(0).Q * /sel(1).Q * unid(0) * unid(2) 
        + dece(1) * dece(2) * /sel(0).Q * /sel(1).Q * unid(0) 
        + dece(0) * /sel(0).Q * /sel(1).Q * unid(1) * unid(2) 
        + dece(0) * dece(2) * /sel(0).Q * /sel(1).Q * unid(1) 
        + dece(0) * dece(1) * /sel(0).Q * /sel(1).Q * unid(2) 
        + /sel(0).Q * sel(1).Q * /unid(0) * /unid(1) * unid(2) 
        + /sel(0).Q * sel(1).Q * unid(0) * /unid(1) * /unid(2) 
        + /sel(0).Q * unid(0) * unid(1) * unid(2) 
        + dece(0) * dece(1) * dece(2) * /sel(1).Q 

    /display(4) =
          /dece(0) * /dece(2) * /sel(0).Q * /unid(0) * unid(1) * /unid(2) 
        + /dece(0) * dece(1) * /dece(2) * /sel(1).Q * /unid(0) * /unid(2) 
        + /dece(0) * dece(1) * /dece(2) * sel(0).Q * /sel(1).Q 
        + /sel(0).Q * sel(1).Q * /unid(0) * unid(1) * /unid(2) 

    display(5) =
          dece(1) * /sel(0).Q * /sel(1).Q * unid(0) 
        + dece(0) * /sel(0).Q * /sel(1).Q * unid(1) 
        + /dece(0) * /dece(1) * /unid(0) * /unid(1) 
        + /dece(0) * /dece(1) * sel(0).Q 
        + /sel(0).Q * unid(0) * unid(1) 
        + dece(0) * dece(1) * /sel(1).Q 
        + sel(1).Q * /unid(0) * /unid(1) 
        + sel(0).Q * sel(1).Q 
        + /dece(2) * sel(0).Q 
        + sel(1).Q * /unid(2) 
        + /dece(2) * /unid(2) 

    /display(6) =
          /dece(0) * /dece(1) * /sel(0).Q * /unid(0) * /unid(1) * unid(2) * 
          /unid(3) 
        + /dece(0) * /dece(1) * dece(2) * /sel(1).Q * /unid(0) * /unid(1) * 
          /unid(3) 
        + /dece(1) * /dece(2) * /sel(0).Q * unid(0) * /unid(1) * /unid(2) * 
          /unid(3) 
        + dece(0) * /dece(1) * /dece(2) * /sel(1).Q * /unid(1) * /unid(2) * 
          /unid(3) 
        + /sel(0).Q * sel(1).Q * /unid(0) * /unid(1) * unid(2) * /unid(3) 
        + /sel(0).Q * sel(1).Q * unid(0) * /unid(1) * /unid(2) * /unid(3) 
        + /dece(0) * /dece(1) * dece(2) * sel(0).Q * /sel(1).Q 
        + dece(0) * /dece(1) * /dece(2) * sel(0).Q * /sel(1).Q 

    sel(0).D =
          sel(2).Q 

    sel(0).AR =
          clr 

    sel(0).SP =
          GND

    sel(0).C =
          clk 

    /sel(1).D =
          /sel(0).Q 

    sel(1).AR =
          clr 

    sel(1).SP =
          GND

    sel(1).C =
          clk 

    /sel(2).D =
          /sel(1).Q 

    sel(2).AR =
          clr 

    sel(2).SP =
          GND

    sel(2).C =
          clk 


Completed Successfully  
----------------------------------------------------------------------------
PLD Compiler Software:        PLA2JED.EXE    31/03/2000  [v4.02 ] 6.3 IR 35

DESIGN RULE CHECK          (15:25:13)

Messages:
                 None.


Summary:
                 Error Count = 0      Warning Count = 0

Completed Successfully  
----------------------------------------------------------------------------
PLD Compiler Software:        PLA2JED.EXE    31/03/2000  [v4.02 ] 6.3 IR 35

<CYPRESSTAG name="Pinout" icon=FILE_RPT_PINOUT>
PINOUT INFORMATION   (15:25:13)
</CYPRESSTAG>
Messages:
  Information: Checking for duplicate NODE logic.
                 None.


                                 C22V10
                 __________________________________________
            clk =| 1|                                  |24|* not used       
            clr =| 2|                                  |23|= sel(2)         
        dece(2) =| 3|                                  |22|= sel(1)         
        dece(1) =| 4|                                  |21|= sel(0)         
        dece(0) =| 5|                                  |20|= display(0)     
        unid(3) =| 6|                                  |19|= display(4)     
        unid(2) =| 7|                                  |18|= display(3)     
        unid(1) =| 8|                                  |17|= display(1)     
        unid(0) =| 9|                                  |16|= display(5)     
       not used *|10|                                  |15|= display(2)     
       not used *|11|                                  |14|= display(6)     
       not used *|12|                                  |13|* not used       
                 __________________________________________


Summary:
                 Error Count = 0      Warning Count = 0

Completed Successfully  
----------------------------------------------------------------------------
PLD Compiler Software:        PLA2JED.EXE    31/03/2000  [v4.02 ] 6.3 IR 35

<CYPRESSTAG name="Utilization" icon=FILE_RPT_UTILIZATION>
RESOURCE UTILIZATION (15:25:13)
</CYPRESSTAG>
  Information: Macrocell Utilization.

                     Description        Used     Max
                 ______________________________________
                 | Dedicated Inputs   |    8  |   11  |
                 | Clock/Inputs       |    1  |    1  |
                 | I/O Macrocells     |   10  |   10  |
                 ______________________________________
                                          19  /   22   = 86  %


  Information: Output Logic Product Term Utilization.

                  Node#  Output Signal Name  Used   Max
                 ________________________________________
                 | 14  |  display(6)      |   8  |   8  |
                 | 15  |  display(2)      |   6  |  10  |
                 | 16  |  display(5)      |  11  |  12  |
                 | 17  |  display(1)      |  13  |  14  |
                 | 18  |  display(3)      |  16  |  16  |
                 | 19  |  display(4)      |   4  |  16  |
                 | 20  |  display(0)      |  13  |  14  |
                 | 21  |  sel(0)          |   1  |  12  |
                 | 22  |  sel(1)          |   1  |  10  |
                 | 23  |  sel(2)          |   1  |   8  |
                 | 25  |  Unused          |   0  |   1  |
                 ________________________________________
                                             74  / 121   = 61  %


Completed Successfully  
----------------------------------------------------------------------------
PLD Compiler Software:        PLA2JED.EXE    31/03/2000  [v4.02 ] 6.3 IR 35

JEDEC ASSEMBLE             (15:25:13)

Messages:
  Information: Output file 'sensores2.pin' created.
  Information: Output file 'sensores2.jed' created.

  Usercode:    
  Checksum:    B350



Summary:
                 Error Count = 0      Warning Count = 0

Completed Successfully at 15:25:13
