
     | | | | | | |
   _________________
  -|               |-
  -|               |-
  -|               |-
  -|    CYPRESS    |-
  -|               |-
  -|               |-   Warp VHDL Synthesis Compiler: Version 6.3 IR 35
  -|               |-   Copyright (C) 1991-2001 Cypress Semiconductor
   |_______________|
     | | | | | | |

======================================================================
Compiling:  Practica5.vhd
Options:    -yu -e10 -w100 -o2 -ygs -fP -v10 -dc22v10 -ppalce22v10-15pc -b Practica5.vhd -u Practica5.hie
======================================================================

vhdlfe V6.3 IR 35:  VHDL parser
Mon Nov 16 21:13:39 2020

Library 'work' => directory 'lc22v10'
Linking 'C:\Program Files\Cypress\Warp\bin\std.vhd'.
Linking 'C:\Program Files\Cypress\Warp\lib\common\cypress.vhd'.
Linking 'C:\Program Files\Cypress\Warp\lib\common\work\cypress.vif'.
Library 'ieee' => directory 'C:\Program Files\Cypress\Warp\lib\ieee\work'
Linking 'C:\Program Files\Cypress\Warp\lib\ieee\work\stdlogic.vif'.

vhdlfe:  No errors.


tovif V6.3 IR 35:  High-level synthesis
Mon Nov 16 21:13:39 2020

Linking 'C:\Program Files\Cypress\Warp\bin\std.vhd'.
Linking 'C:\Program Files\Cypress\Warp\lib\common\cypress.vhd'.
Linking 'C:\Program Files\Cypress\Warp\lib\common\work\cypress.vif'.
Linking 'C:\Program Files\Cypress\Warp\lib\ieee\work\stdlogic.vif'.

tovif:  No errors.


topld V6.3 IR 35:  Synthesis and optimization
Mon Nov 16 21:13:39 2020

Linking 'C:\Program Files\Cypress\Warp\bin\std.vhd'.
Linking 'C:\Program Files\Cypress\Warp\lib\common\cypress.vhd'.
Linking 'C:\Program Files\Cypress\Warp\lib\common\work\cypress.vif'.
Linking 'C:\Program Files\Cypress\Warp\lib\ieee\work\stdlogic.vif'.

----------------------------------------------------------
Detecting unused logic.
----------------------------------------------------------



------------------------------------------------------
Alias Detection
------------------------------------------------------

------------------------------------------------------
Aliased 0 equations, 8 wires.
------------------------------------------------------

----------------------------------------------------------
Circuit simplification
----------------------------------------------------------

----------------------------------------------------------
Circuit simplification results:

	Expanded 2 signals.
	Turned 0 signals into soft nodes.
	Maximum default expansion cost was set at 10.
----------------------------------------------------------

------------------------------------------------------
Alias Detection
------------------------------------------------------

------------------------------------------------------
Aliased 0 equations, 0 wires.
------------------------------------------------------
Created 21 PLD nodes.

topld:  No errors.

----------------------------------------------------------------------------
PLD Optimizer Software:       DSGNOPT.EXE    31/03/2000  [v4.02 ] 6.3 IR 35

DESIGN HEADER INFORMATION  (21:13:40)

Input File(s): Practica5.pla
Device       : C22V10
Package      : palce22v10-15pc
ReportFile   : Practica5.rpt

Program Controls:
    COMMAND LANGUAGE_VHDL 
    COMMAND PROPERTY BUS_HOLD ENABLE 

Signal Requests:
    GROUP USEPOL ALL
    GROUP FAST_SLEW ALL

Completed Successfully  
----------------------------------------------------------------------------
PLD Optimizer Software:       DSGNOPT.EXE    31/03/2000  [v4.02 ] 6.3 IR 35

OPTIMIZATION OPTIONS       (21:13:40)

Messages:
  Information: Selected logic optimization OFF for signals:
         display(0) display(1) display(2) display(3) display(4) display(5)
         display(6) sel(0).D sel(0).AP sel(0).C sel(1).D sel(1).AP sel(1).C
         sel(2).D sel(2).AR sel(2).C



Summary:
                 Error Count = 0      Warning Count = 0

Completed Successfully  
----------------------------------------------------------------------------
PLD Optimizer Software:       MINOPT.EXE     01/NOV/1999  [v4.02 ] 6.3 IR 35

LOGIC MINIMIZATION         ()

Messages:


Summary:
                 Error Count = 0      Warning Count = 0

Completed Successfully
----------------------------------------------------------------------------
PLD Optimizer Software:       DSGNOPT.EXE    31/03/2000  [v4.02 ] 6.3 IR 35

OPTIMIZATION OPTIONS       (21:13:40)

Messages:
  Information: Optimizing Banked Preset/Reset requirements.
  Information: Selecting D register equation as minimal for signal sel(2)
  Information: Inverting Preset/Reset & output logic polarity for sel(1).
  Information: Selecting D register equation as minimal for signal sel(1)
  Information: Inverting Preset/Reset & output logic polarity for sel(0).
  Information: Selecting D register equation as minimal for signal sel(0)
  Information: Selected logic optimization OFF for signals:
         display(0) display(1) display(2) display(3) display(4) display(5)
         display(6) sel(0).D sel(0).AR sel(0).SP sel(0).C sel(1).D sel(1).AR
         sel(1).SP sel(1).C sel(2).D sel(2).AR sel(2).SP sel(2).C



Summary:
                 Error Count = 0      Warning Count = 0

Completed Successfully  
----------------------------------------------------------------------------
PLD Optimizer Software:       MINOPT.EXE     01/NOV/1999  [v4.02 ] 6.3 IR 35

LOGIC MINIMIZATION         ()

Messages:


Summary:
                 Error Count = 0      Warning Count = 0

Completed Successfully
----------------------------------------------------------------------------
PLD Optimizer Software:       DSGNOPT.EXE    31/03/2000  [v4.02 ] 6.3 IR 35

OPTIMIZATION OPTIONS       (21:13:40)

Messages:


Summary:
                 Error Count = 0      Warning Count = 0

Completed Successfully  
----------------------------------------------------------------------------
PLD Compiler Software:        PLA2JED.EXE    31/03/2000  [v4.02 ] 6.3 IR 35

<CYPRESSTAG name="Equations" icon=FILE_RPT_EQUATION>
DESIGN EQUATIONS           (21:13:40)
</CYPRESSTAG>

    display(0) =
          GND

    display(1) =
          sel(2).Q 

    display(2) =
          sel(2).Q 

    display(3) =
          sel(2).Q 

    display(4) =
          sel(1).Q 

    display(5) =
          sel(1).Q 

    display(6) =
          GND

    /sel(0).D =
          /sel(2).Q 

    sel(0).AR =
          clr 

    sel(0).SP =
          GND

    sel(0).C =
          clk 

    /sel(1).D =
          /sel(0).Q 

    sel(1).AR =
          clr 

    sel(1).SP =
          GND

    sel(1).C =
          clk 

    sel(2).D =
          sel(1).Q 

    sel(2).AR =
          clr 

    sel(2).SP =
          GND

    sel(2).C =
          clk 


Completed Successfully  
----------------------------------------------------------------------------
PLD Compiler Software:        PLA2JED.EXE    31/03/2000  [v4.02 ] 6.3 IR 35

DESIGN RULE CHECK          (21:13:40)

Messages:
                 None.


Summary:
                 Error Count = 0      Warning Count = 0

Completed Successfully  
----------------------------------------------------------------------------
PLD Compiler Software:        PLA2JED.EXE    31/03/2000  [v4.02 ] 6.3 IR 35

<CYPRESSTAG name="Pinout" icon=FILE_RPT_PINOUT>
PINOUT INFORMATION   (21:13:40)
</CYPRESSTAG>
Messages:
  Information: All signals pre-placed in user design.


                                 C22V10
                 __________________________________________
            clk =| 1|                                  |24|* not used       
       not used *| 2|                                  |23|= display(6)     
       not used *| 3|                                  |22|= display(5)     
       not used *| 4|                                  |21|= display(4)     
       not used *| 5|                                  |20|= display(3)     
       not used *| 6|                                  |19|= display(2)     
       not used *| 7|                                  |18|= display(1)     
       not used *| 8|                                  |17|= display(0)     
       not used *| 9|                                  |16|= sel(2)         
       not used *|10|                                  |15|= sel(1)         
       not used *|11|                                  |14|= sel(0)         
       not used *|12|                                  |13|= clr            
                 __________________________________________


Summary:
                 Error Count = 0      Warning Count = 0

Completed Successfully  
  Information: Checking for duplicate NODE logic.
----------------------------------------------------------------------------
PLD Compiler Software:        PLA2JED.EXE    31/03/2000  [v4.02 ] 6.3 IR 35

<CYPRESSTAG name="Utilization" icon=FILE_RPT_UTILIZATION>
RESOURCE UTILIZATION (21:13:40)
</CYPRESSTAG>
  Information: Macrocell Utilization.

                     Description        Used     Max
                 ______________________________________
                 | Dedicated Inputs   |    1  |   11  |
                 | Clock/Inputs       |    1  |    1  |
                 | I/O Macrocells     |   10  |   10  |
                 ______________________________________
                                          12  /   22   = 54  %


  Information: Output Logic Product Term Utilization.

                  Node#  Output Signal Name  Used   Max
                 ________________________________________
                 | 14  |  sel(0)          |   1  |   8  |
                 | 15  |  sel(1)          |   1  |  10  |
                 | 16  |  sel(2)          |   1  |  12  |
                 | 17  |  display(0)      |   1  |  14  |
                 | 18  |  display(1)      |   1  |  16  |
                 | 19  |  display(2)      |   1  |  16  |
                 | 20  |  display(3)      |   1  |  14  |
                 | 21  |  display(4)      |   1  |  12  |
                 | 22  |  display(5)      |   1  |  10  |
                 | 23  |  display(6)      |   1  |   8  |
                 | 25  |  Unused          |   0  |   1  |
                 ________________________________________
                                             10  / 121   = 8   %


Completed Successfully  
----------------------------------------------------------------------------
PLD Compiler Software:        PLA2JED.EXE    31/03/2000  [v4.02 ] 6.3 IR 35

JEDEC ASSEMBLE             (21:13:40)

Messages:
  Information: Output file 'Practica5.pin' created.
  Information: Output file 'Practica5.jed' created.

  Usercode:    
  Checksum:    686A



Summary:
                 Error Count = 0      Warning Count = 0

Completed Successfully at 21:13:40
