Design: 10:50 p.m., Lunes, 05 de Octubre de 2020
Design: Opening design "C:\Documents and Settings\khru1555\Desktop\Practica1\vhd\Practica1\Practica1.adf"
ELBREAD: Elaboration process.
ELBREAD: Elaboration time 0.0 [s].
Compilation with file reorder...
File: C:\Documents and Settings\khru1555\Desktop\Practica1\vhd\Practica1.vhd
Compile Entity "practica1"
Compile Architecture "DSMB" of Entity "practica1"
Top-Level unit detected
Entity  =>   practica1
Compile success 0 Errors 0 Warnings  Analysis time :  0.0 [s]
ELBREAD: Elaboration process.
ELBREAD: Elaboration time 0.0 [s].
ELBREAD: Elaboration process.
ELBREAD: Elaboration time 0.0 [s].
KERNEL: Main thread initiated.
KERNEL: Kernel process initialization phase.
ELAB2: Elaboration final pass...
ELAB2: Elaboration final pass complete - time: 0.0 [s].
KERNEL: Kernel process initialization done.
11:20 p.m., Lunes, 05 de Octubre de 2020
Simulation has been initialized
Selected Top-Level: practica1 (DSMB)
KERNEL: stopped at time: 100 ns
KERNEL: Simulation has finished. There are no more test vectors to simulate.
KERNEL: stopped at time: 200 ns
KERNEL: Simulation has finished. There are no more test vectors to simulate.
KERNEL: stopped at time: 300 ns
KERNEL: Simulation has finished. There are no more test vectors to simulate.
KERNEL: stopped at time: 400 ns
KERNEL: Simulation has finished. There are no more test vectors to simulate.
KERNEL: stopped at time: 500 ns
KERNEL: Simulation has finished. There are no more test vectors to simulate.
KERNEL: stopped at time: 600 ns
KERNEL: Simulation has finished. There are no more test vectors to simulate.
KERNEL: stopped at time: 700 ns
KERNEL: Simulation has finished. There are no more test vectors to simulate.
Simulation has been stopped
