
     | | | | | | |
   _________________
  -|               |-
  -|               |-
  -|               |-
  -|    CYPRESS    |-
  -|               |-
  -|               |-   Warp VHDL Synthesis Compiler: Version 6.3 IR 35
  -|               |-   Copyright (C) 1991-2001 Cypress Semiconductor
   |_______________|
     | | | | | | |

======================================================================
Compiling:  Practica1.vhd
Options:    -yu -e10 -w100 -o2 -ygs -fP -v10 -dc22v10 -ppalc22v10d-25pc -b Practica1.vhd -u Practica1.hie
======================================================================

vhdlfe V6.3 IR 35:  VHDL parser
Mon Oct 05 22:24:35 2020

Library 'work' => directory 'lc22v10'
Linking 'C:\Program Files\Cypress\Warp\bin\std.vhd'.
Linking 'C:\Program Files\Cypress\Warp\lib\common\cypress.vhd'.
Linking 'C:\Program Files\Cypress\Warp\lib\common\work\cypress.vif'.
Library 'ieee' => directory 'C:\Program Files\Cypress\Warp\lib\ieee\work'
Linking 'C:\Program Files\Cypress\Warp\lib\ieee\work\stdlogic.vif'.
Linking 'C:\Program Files\Cypress\Warp\lib\ieee\work\syntocyp.vif'.
Linking 'C:\Program Files\Cypress\Warp\lib\ieee\work\synarith.vif'.

vhdlfe:  No errors.


tovif V6.3 IR 35:  High-level synthesis
Mon Oct 05 22:24:35 2020

Linking 'C:\Program Files\Cypress\Warp\bin\std.vhd'.
Linking 'C:\Program Files\Cypress\Warp\lib\common\cypress.vhd'.
Linking 'C:\Program Files\Cypress\Warp\lib\common\work\cypress.vif'.
Linking 'C:\Program Files\Cypress\Warp\lib\ieee\work\stdlogic.vif'.
Linking 'C:\Program Files\Cypress\Warp\lib\ieee\work\syntocyp.vif'.
Linking 'C:\Program Files\Cypress\Warp\lib\ieee\work\synarith.vif'.

tovif:  No errors.


topld V6.3 IR 35:  Synthesis and optimization
Mon Oct 05 22:24:36 2020

Linking 'C:\Program Files\Cypress\Warp\bin\std.vhd'.
Linking 'C:\Program Files\Cypress\Warp\lib\common\cypress.vhd'.
Linking 'C:\Program Files\Cypress\Warp\lib\common\work\cypress.vif'.
Linking 'C:\Program Files\Cypress\Warp\lib\ieee\work\stdlogic.vif'.
Linking 'C:\Program Files\Cypress\Warp\lib\ieee\work\syntocyp.vif'.
Linking 'C:\Program Files\Cypress\Warp\lib\ieee\work\synarith.vif'.

----------------------------------------------------------
Detecting unused logic.
----------------------------------------------------------



------------------------------------------------------
Alias Detection
------------------------------------------------------

------------------------------------------------------
Aliased 0 equations, 8 wires.
------------------------------------------------------

----------------------------------------------------------
Circuit simplification
----------------------------------------------------------

----------------------------------------------------------
Circuit simplification results:

	Expanded 15 signals.
	Turned 0 signals into soft nodes.
	Maximum default expansion cost was set at 10.
----------------------------------------------------------

------------------------------------------------------
Alias Detection
------------------------------------------------------

------------------------------------------------------
Aliased 0 equations, 0 wires.
------------------------------------------------------
Created 38 PLD nodes.

topld:  No errors.

----------------------------------------------------------------------------
PLD Optimizer Software:       DSGNOPT.EXE    31/03/2000  [v4.02 ] 6.3 IR 35

DESIGN HEADER INFORMATION  (22:24:37)

Input File(s): Practica1.pla
Device       : C22V10
Package      : palc22v10d-25pc
ReportFile   : Practica1.rpt

Program Controls:
    COMMAND LANGUAGE_VHDL 
    COMMAND PROPERTY BUS_HOLD ENABLE 

Signal Requests:
    GROUP USEPOL ALL
    GROUP FAST_SLEW ALL

Completed Successfully  
----------------------------------------------------------------------------
PLD Optimizer Software:       DSGNOPT.EXE    31/03/2000  [v4.02 ] 6.3 IR 35

OPTIMIZATION OPTIONS       (22:24:37)

Messages:
  Information: Optimizing logic using best output polarity for signals:
         comparador(0) comparador(1) comparador(2)

  Information: Selected logic optimization OFF for signals:
         display(0) display(1) display(2) display(3) display(4) display(5)
         display(6)



Summary:
                 Error Count = 0      Warning Count = 0

Completed Successfully  
----------------------------------------------------------------------------
PLD Optimizer Software:       MINOPT.EXE     01/NOV/1999  [v4.02 ] 6.3 IR 35

LOGIC MINIMIZATION         ()

Messages:


Summary:
                 Error Count = 0      Warning Count = 0

Completed Successfully
----------------------------------------------------------------------------
PLD Optimizer Software:       DSGNOPT.EXE    31/03/2000  [v4.02 ] 6.3 IR 35

OPTIMIZATION OPTIONS       (22:24:37)

Messages:
  Information: Optimizing Banked Preset/Reset requirements.


Summary:
                 Error Count = 0      Warning Count = 0

Completed Successfully  
----------------------------------------------------------------------------
PLD Compiler Software:        PLA2JED.EXE    31/03/2000  [v4.02 ] 6.3 IR 35

<CYPRESSTAG name="Equations" icon=FILE_RPT_EQUATION>
DESIGN EQUATIONS           (22:24:37)
</CYPRESSTAG>

    comparador(0) =
          /b(0) * ref(0) * ref(1) * ref(2) * sel 
        + /b(0) * /b(1) * ref(0) * ref(2) * sel 
        + /b(0) * /b(2) * ref(0) * ref(1) * sel 
        + /b(0) * /b(1) * /b(2) * ref(0) * sel 
        + /a(0) * ref(0) * ref(1) * ref(2) * /sel 
        + /a(0) * /a(1) * ref(0) * ref(2) * /sel 
        + /a(0) * /a(2) * ref(0) * ref(1) * /sel 
        + /a(0) * /a(1) * /a(2) * ref(0) * /sel 
        + /b(1) * ref(1) * ref(2) * sel 
        + /b(1) * /b(2) * ref(1) * sel 
        + /a(1) * ref(1) * ref(2) * /sel 
        + /a(1) * /a(2) * ref(1) * /sel 
        + /b(2) * ref(2) * sel 
        + /a(2) * ref(2) * /sel 

    /comparador(1) =
          /b(0) * ref(0) * sel 
        + /b(1) * ref(1) * sel 
        + /b(2) * ref(2) * sel 
        + b(0) * /ref(0) * sel 
        + b(1) * /ref(1) * sel 
        + b(2) * /ref(2) * sel 
        + /a(0) * ref(0) * /sel 
        + /a(1) * ref(1) * /sel 
        + /a(2) * ref(2) * /sel 
        + a(0) * /ref(0) * /sel 
        + a(1) * /ref(1) * /sel 
        + a(2) * /ref(2) * /sel 

    comparador(2) =
          b(0) * b(1) * b(2) * /ref(0) * sel 
        + b(0) * b(2) * /ref(0) * /ref(1) * sel 
        + b(0) * b(1) * /ref(0) * /ref(2) * sel 
        + b(0) * /ref(0) * /ref(1) * /ref(2) * sel 
        + a(0) * a(1) * a(2) * /ref(0) * /sel 
        + a(0) * a(2) * /ref(0) * /ref(1) * /sel 
        + a(0) * a(1) * /ref(0) * /ref(2) * /sel 
        + a(0) * /ref(0) * /ref(1) * /ref(2) * /sel 
        + b(1) * b(2) * /ref(1) * sel 
        + b(1) * /ref(1) * /ref(2) * sel 
        + a(1) * a(2) * /ref(1) * /sel 
        + a(1) * /ref(1) * /ref(2) * /sel 
        + b(2) * /ref(2) * sel 
        + a(2) * /ref(2) * /sel 

    display(0) =
          GND

    display(1) =
          comparador(0) 

    display(2) =
          comparador(0) 

    display(3) =
          VCC

    display(4) =
          comparador(2) 

    display(5) =
          comparador(2) 

    display(6) =
          VCC


Completed Successfully  
----------------------------------------------------------------------------
PLD Compiler Software:        PLA2JED.EXE    31/03/2000  [v4.02 ] 6.3 IR 35

DESIGN RULE CHECK          (22:24:37)

Messages:
                 None.


Summary:
                 Error Count = 0      Warning Count = 0

Completed Successfully  
----------------------------------------------------------------------------
PLD Compiler Software:        PLA2JED.EXE    31/03/2000  [v4.02 ] 6.3 IR 35

<CYPRESSTAG name="Pinout" icon=FILE_RPT_PINOUT>
PINOUT INFORMATION   (22:24:37)
</CYPRESSTAG>
Messages:
  Information: Checking for duplicate NODE logic.
                 None.


                                 C22V10
                 __________________________________________
            sel =| 1|                                  |24|* not used       
         ref(2) =| 2|                                  |23|= display(5)     
         ref(1) =| 3|                                  |22|= display(3)     
         ref(0) =| 4|                                  |21|= display(2)     
           b(2) =| 5|                                  |20|= comparador(0)  
           b(1) =| 6|                                  |19|= display(0)     
           b(0) =| 7|                                  |18|= display(1)     
           a(2) =| 8|                                  |17|= comparador(2)  
           a(1) =| 9|                                  |16|= comparador(1)  
           a(0) =|10|                                  |15|= display(4)     
       not used *|11|                                  |14|= display(6)     
       not used *|12|                                  |13|* not used       
                 __________________________________________


Summary:
                 Error Count = 0      Warning Count = 0

Completed Successfully  
----------------------------------------------------------------------------
PLD Compiler Software:        PLA2JED.EXE    31/03/2000  [v4.02 ] 6.3 IR 35

<CYPRESSTAG name="Utilization" icon=FILE_RPT_UTILIZATION>
RESOURCE UTILIZATION (22:24:37)
</CYPRESSTAG>
  Information: Macrocell Utilization.

                     Description        Used     Max
                 ______________________________________
                 | Dedicated Inputs   |    9  |   11  |
                 | Clock/Inputs       |    1  |    1  |
                 | I/O Macrocells     |   10  |   10  |
                 ______________________________________
                                          20  /   22   = 90  %


  Information: Output Logic Product Term Utilization.

                  Node#  Output Signal Name  Used   Max
                 ________________________________________
                 | 14  |  display(6)      |   1  |   8  |
                 | 15  |  display(4)      |   1  |  10  |
                 | 16  |  comparador(1)   |  12  |  12  |
                 | 17  |  comparador(2)   |  14  |  14  |
                 | 18  |  display(1)      |   1  |  16  |
                 | 19  |  display(0)      |   1  |  16  |
                 | 20  |  comparador(0)   |  14  |  14  |
                 | 21  |  display(2)      |   1  |  12  |
                 | 22  |  display(3)      |   1  |  10  |
                 | 23  |  display(5)      |   1  |   8  |
                 | 25  |  Unused          |   0  |   1  |
                 ________________________________________
                                             47  / 121   = 38  %


Completed Successfully  
----------------------------------------------------------------------------
PLD Compiler Software:        PLA2JED.EXE    31/03/2000  [v4.02 ] 6.3 IR 35

JEDEC ASSEMBLE             (22:24:37)

Messages:
  Information: Output file 'Practica1.pin' created.
  Information: Output file 'Practica1.jed' created.

  Usercode:    
  Checksum:    2BEC



Summary:
                 Error Count = 0      Warning Count = 0

Completed Successfully at 22:24:37
