Design: 06:12 a.m., Martes, 03 de Noviembre de 2020
Design: Opening design "C:\Documents and Settings\khru\Desktop\p4\vhd\p4\p4.adf"
ELBREAD: Elaboration process.
ELBREAD: Elaboration time 0.0 [s].
ELBREAD: Elaboration process.
ELBREAD: Elaboration time 0.0 [s].
Compilation...
File: C:\Documents and Settings\khru\Desktop\p4\vhd\p4.vhd
Compile Entity "mealy"
Entity "mealy" has been skipped - no difference detected.
Compile Architecture "DSMB" of Entity "mealy"
Compile success 0 Errors 0 Warnings  Analysis time :  0.0 [s]
ELBREAD: Elaboration process.
ELBREAD: Elaboration time 0.0 [s].
KERNEL: Main thread initiated.
KERNEL: Kernel process initialization phase.
ELAB2: Elaboration final pass...
ELAB2: Elaboration final pass complete - time: 0.0 [s].
KERNEL: Kernel process initialization done.
06:13 a.m., Martes, 03 de Noviembre de 2020
Simulation has been initialized
Selected Top-Level: mealy (DSMB)
KERNEL: stopped at time: 100 ns
KERNEL: stopped at time: 200 ns
KERNEL: stopped at time: 300 ns
KERNEL: stopped at time: 400 ns
Simulation has been stopped
